Arguments: 
  C:\Program Files\nodejs\node.exe C:\Users\acer\AppData\Roaming\npm\node_modules\yarn\bin\yarn.js add axios

PATH: 
  C:\Python310\Scripts\;C:\Python310\;C:\Program Files (x86)\Common Files\Oracle\Java\javapath;C:\Windows\system32;C:\Windows;C:\Windows\System32\Wbem;C:\Windows\System32\WindowsPowerShell\v1.0\;C:\Windows\System32\OpenSSH\;C:\Program Files\NVIDIA Corporation\NVIDIA NvDLISR;C:\Program Files\Microsoft SQL Server\120\Tools\Binn\;C:\Program Files\Microsoft SQL Server\130\Tools\Binn\;C:\Program Files\Microsoft VS Code\bin;C:\WINDOWS\system32;C:\WINDOWS;C:\WINDOWS\System32\Wbem;C:\WINDOWS\System32\WindowsPowerShell\v1.0\;C:\WINDOWS\System32\OpenSSH\;C:\Program Files (x86)\NVIDIA Corporation\PhysX\Common;C:\Program Files (x86)\HP\IdrsOCR_15.2.10.1114\;C:\texlive\2021\bin\win32;C:\Program Files\nodejs\;C:\ProgramData\chocolatey\bin;D:\python\Scripts\;D:\python\;C:\Users\acer\AppData\Local\Microsoft\WindowsApps;C:\Program Files\JetBrains\PhpStorm 2020.2.3\bin;;C:\Users\acer\AppData\Roaming\npm;C:\Users\acer\Desktop\react\twitter-project\node_modules\.bin

Yarn version: 
  1.22.19

Node version: 
  17.9.0

Platform: 
  win32 x64

Trace: 
  Error: getaddrinfo ENOTFOUND registry.yarnpkg.com
      at GetAddrInfoReqWrap.onlookup [as oncomplete] (node:dns:82:26)

npm manifest: 
  {
    "name": "twitter-project",
    "version": "0.1.0",
    "private": true,
    "dependencies": {
      "@emotion/react": "^11.10.0",
      "@emotion/styled": "^11.10.0",
      "@mui/icons-material": "^5.8.4",
      "@mui/material": "^5.10.1",
      "@testing-library/jest-dom": "^5.16.5",
      "@testing-library/react": "^13.3.0",
      "@testing-library/user-event": "^13.5.0",
      "react": "^18.2.0",
      "react-dom": "^18.2.0",
      "react-scripts": "^2.1.8",
      "web-vitals": "^2.1.4"
    },
    "scripts": {
      "start": "react-scripts --openssl-legacy-provider start",
      "build": "react-scripts build",
      "test": "react-scripts test",
      "eject": "react-scripts eject"
    },
    "eslintConfig": {
      "extends": [
        "react-app",
        "react-app/jest"
      ]
    },
    "browserslist": {
      "production": [
        ">0.2%",
        "not dead",
        "not op_mini all"
      ],
      "development": [
        "last 1 chrome version",
        "last 1 firefox version",
        "last 1 safari version"
      ]
    },
    "devDependencies": {
      "react-router-dom": "^6.4.3"
    }
  }

yarn manifest: 
  No manifest

Lockfile: 
  No lockfile
